[0.138s] DEBUG:colcon:Command line arguments: ['/usr/bin/colcon', 'list', '-p', '--base-paths', '/home/acroci/repos/ros2_ws_pixi']
[0.138s] DEBUG:colcon:Parsed command line arguments: Namespace(log_base=None, log_level=None, verb_name='list', build_base='build', ignore_user_meta=False, metas=['./colcon.meta'], base_paths=['/home/acroci/repos/ros2_ws_pixi'], packages_ignore=None, packages_ignore_regex=None, paths=None, packages_up_to=None, packages_up_to_regex=None, packages_above=None, packages_above_and_dependencies=None, packages_above_depth=None, packages_select_by_dep=None, packages_skip_by_dep=None, packages_skip_up_to=None, packages_select_build_failed=False, packages_skip_build_finished=False, packages_select_test_failures=False, packages_skip_test_passed=False, packages_select=None, packages_skip=None, packages_select_regex=None, packages_skip_regex=None, packages_start=None, packages_end=None, allow_overriding=[], topological_order=False, names_only=False, paths_only=True, topological_graph=False, topological_graph_dot=False, topological_graph_density=False, topological_graph_legend=False, topological_graph_dot_cluster=False, topological_graph_dot_include_skipped=False, mixin_files=None, mixin=None, verb_parser=<colcon_mixin.mixin.mixin_argument.MixinArgumentDecorator object at 0x7a9e85375130>, verb_extension=<colcon_package_information.verb.list.ListVerb object at 0x7a9e852e5f10>, main=<bound method ListVerb.main of <colcon_package_information.verb.list.ListVerb object at 0x7a9e852e5f10>>, mixin_verb=('list',))
[0.189s] Level 1:colcon.colcon_core.package_discovery:discover_packages(colcon_meta) check parameters
[0.189s] Level 1:colcon.colcon_core.package_discovery:discover_packages(recursive) check parameters
[0.189s] Level 1:colcon.colcon_core.package_discovery:discover_packages(ignore) check parameters
[0.189s] Level 1:colcon.colcon_core.package_discovery:discover_packages(path) check parameters
[0.189s] Level 1:colcon.colcon_core.package_discovery:discover_packages(recursive) discover
[0.189s] INFO:colcon.colcon_core.package_discovery:Crawling recursively for packages in '/home/acroci/repos/ros2_ws_pixi'
[0.189s] Level 1:colcon.colcon_core.package_identification:_identify(/home/acroci/repos/ros2_ws_pixi) by extensions ['ignore', 'ignore_ament_install']
[0.189s] Level 1:colcon.colcon_core.package_identification:_identify(/home/acroci/repos/ros2_ws_pixi) by extension 'ignore'
[0.189s] Level 1:colcon.colcon_core.package_identification:_identify(/home/acroci/repos/ros2_ws_pixi) by extension 'ignore_ament_install'
[0.190s] Level 1:colcon.colcon_core.package_identification:_identify(/home/acroci/repos/ros2_ws_pixi) by extensions ['colcon_pkg']
[0.190s] Level 1:colcon.colcon_core.package_identification:_identify(/home/acroci/repos/ros2_ws_pixi) by extension 'colcon_pkg'
[0.190s] Level 1:colcon.colcon_core.package_identification:_identify(/home/acroci/repos/ros2_ws_pixi) by extensions ['colcon_meta']
[0.190s] Level 1:colcon.colcon_core.package_identification:_identify(/home/acroci/repos/ros2_ws_pixi) by extension 'colcon_meta'
[0.190s] Level 1:colcon.colcon_core.package_identification:_identify(/home/acroci/repos/ros2_ws_pixi) by extensions ['ros']
[0.190s] Level 1:colcon.colcon_core.package_identification:_identify(/home/acroci/repos/ros2_ws_pixi) by extension 'ros'
[0.224s] Level 1:colcon.colcon_core.package_identification:_identify(/home/acroci/repos/ros2_ws_pixi) by extensions ['cmake', 'python']
[0.224s] Level 1:colcon.colcon_core.package_identification:_identify(/home/acroci/repos/ros2_ws_pixi) by extension 'cmake'
[0.224s] Level 1:colcon.colcon_core.package_identification:_identify(/home/acroci/repos/ros2_ws_pixi) by extension 'python'
[0.225s] Level 1:colcon.colcon_core.package_identification:_identify(/home/acroci/repos/ros2_ws_pixi) by extensions ['python_setup_py']
[0.225s] Level 1:colcon.colcon_core.package_identification:_identify(/home/acroci/repos/ros2_ws_pixi) by extension 'python_setup_py'
[0.225s] Level 1:colcon.colcon_core.package_identification:_identify(/home/acroci/repos/ros2_ws_pixi/log) by extensions ['ignore', 'ignore_ament_install']
[0.225s] Level 1:colcon.colcon_core.package_identification:_identify(/home/acroci/repos/ros2_ws_pixi/log) by extension 'ignore'
[0.225s] Level 1:colcon.colcon_core.package_identification:_identify(/home/acroci/repos/ros2_ws_pixi/log) ignored
[0.225s] Level 1:colcon.colcon_core.package_identification:_identify(/home/acroci/repos/ros2_ws_pixi/src) by extensions ['ignore', 'ignore_ament_install']
[0.225s] Level 1:colcon.colcon_core.package_identification:_identify(/home/acroci/repos/ros2_ws_pixi/src) by extension 'ignore'
[0.226s] Level 1:colcon.colcon_core.package_identification:_identify(/home/acroci/repos/ros2_ws_pixi/src) by extension 'ignore_ament_install'
[0.226s] Level 1:colcon.colcon_core.package_identification:_identify(/home/acroci/repos/ros2_ws_pixi/src) by extensions ['colcon_pkg']
[0.226s] Level 1:colcon.colcon_core.package_identification:_identify(/home/acroci/repos/ros2_ws_pixi/src) by extension 'colcon_pkg'
[0.226s] Level 1:colcon.colcon_core.package_identification:_identify(/home/acroci/repos/ros2_ws_pixi/src) by extensions ['colcon_meta']
[0.226s] Level 1:colcon.colcon_core.package_identification:_identify(/home/acroci/repos/ros2_ws_pixi/src) by extension 'colcon_meta'
[0.226s] Level 1:colcon.colcon_core.package_identification:_identify(/home/acroci/repos/ros2_ws_pixi/src) by extensions ['ros']
[0.226s] Level 1:colcon.colcon_core.package_identification:_identify(/home/acroci/repos/ros2_ws_pixi/src) by extension 'ros'
[0.226s] Level 1:colcon.colcon_core.package_identification:_identify(/home/acroci/repos/ros2_ws_pixi/src) by extensions ['cmake', 'python']
[0.226s] Level 1:colcon.colcon_core.package_identification:_identify(/home/acroci/repos/ros2_ws_pixi/src) by extension 'cmake'
[0.226s] Level 1:colcon.colcon_core.package_identification:_identify(/home/acroci/repos/ros2_ws_pixi/src) by extension 'python'
[0.226s] Level 1:colcon.colcon_core.package_identification:_identify(/home/acroci/repos/ros2_ws_pixi/src) by extensions ['python_setup_py']
[0.226s] Level 1:colcon.colcon_core.package_identification:_identify(/home/acroci/repos/ros2_ws_pixi/src) by extension 'python_setup_py'
[0.226s] Level 1:colcon.colcon_core.package_identification:_identify(/home/acroci/repos/ros2_ws_pixi/src/my_package) by extensions ['ignore', 'ignore_ament_install']
[0.227s] Level 1:colcon.colcon_core.package_identification:_identify(/home/acroci/repos/ros2_ws_pixi/src/my_package) by extension 'ignore'
[0.227s] Level 1:colcon.colcon_core.package_identification:_identify(/home/acroci/repos/ros2_ws_pixi/src/my_package) by extension 'ignore_ament_install'
[0.227s] Level 1:colcon.colcon_core.package_identification:_identify(/home/acroci/repos/ros2_ws_pixi/src/my_package) by extensions ['colcon_pkg']
[0.227s] Level 1:colcon.colcon_core.package_identification:_identify(/home/acroci/repos/ros2_ws_pixi/src/my_package) by extension 'colcon_pkg'
[0.227s] Level 1:colcon.colcon_core.package_identification:_identify(/home/acroci/repos/ros2_ws_pixi/src/my_package) by extensions ['colcon_meta']
[0.227s] Level 1:colcon.colcon_core.package_identification:_identify(/home/acroci/repos/ros2_ws_pixi/src/my_package) by extension 'colcon_meta'
[0.227s] Level 1:colcon.colcon_core.package_identification:_identify(/home/acroci/repos/ros2_ws_pixi/src/my_package) by extensions ['ros']
[0.227s] Level 1:colcon.colcon_core.package_identification:_identify(/home/acroci/repos/ros2_ws_pixi/src/my_package) by extension 'ros'
[0.232s] DEBUG:colcon.colcon_core.package_identification:Package '/home/acroci/repos/ros2_ws_pixi/src/my_package' with type 'ros.ament_python' and name 'my_package'
[0.232s] Level 1:colcon.colcon_core.package_discovery:discover_packages(recursive) using defaults
