[0.576s] Invoking command in '/home/acroci/repos/ros2_ws_pixi/src/my_package': DEBUGINFOD_URLS=https://debuginfod.ubuntu.com PIXI_PROMPT=(ros2_ws_pixi) PYTHONPATH=/home/acroci/repos/ros2_ws_pixi/build/my_package/prefix_override:/home/acroci/repos/ros2_ws_pixi/.pixi/envs/default/lib/python3.11/site-packages/colcon_core/task/python/colcon_distutils_commands:/home/acroci/repos/ros2_ws_pixi/install/my_package/lib/python3.11/site-packages:${PYTHONPATH} /home/acroci/repos/ros2_ws_pixi/.pixi/envs/default/bin/python3.11 -W ignore:setup.py install is deprecated setup.py egg_info --egg-base ../../build/my_package build --build-base /home/acroci/repos/ros2_ws_pixi/build/my_package/build install --record /home/acroci/repos/ros2_ws_pixi/build/my_package/install.log --single-version-externally-managed install_data
[0.744s] running egg_info
[0.745s] creating ../../build/my_package/my_package.egg-info
[0.745s] writing ../../build/my_package/my_package.egg-info/PKG-INFO
[0.745s] writing dependency_links to ../../build/my_package/my_package.egg-info/dependency_links.txt
[0.745s] writing entry points to ../../build/my_package/my_package.egg-info/entry_points.txt
[0.745s] writing requirements to ../../build/my_package/my_package.egg-info/requires.txt
[0.746s] writing top-level names to ../../build/my_package/my_package.egg-info/top_level.txt
[0.746s] writing manifest file '../../build/my_package/my_package.egg-info/SOURCES.txt'
[0.753s] reading manifest file '../../build/my_package/my_package.egg-info/SOURCES.txt'
[0.754s] writing manifest file '../../build/my_package/my_package.egg-info/SOURCES.txt'
[0.754s] running build
[0.754s] running build_py
[0.754s] creating /home/acroci/repos/ros2_ws_pixi/build/my_package/build
[0.754s] creating /home/acroci/repos/ros2_ws_pixi/build/my_package/build/lib
[0.754s] creating /home/acroci/repos/ros2_ws_pixi/build/my_package/build/lib/my_package
[0.754s] copying my_package/__init__.py -> /home/acroci/repos/ros2_ws_pixi/build/my_package/build/lib/my_package
[0.755s] copying my_package/my_node.py -> /home/acroci/repos/ros2_ws_pixi/build/my_package/build/lib/my_package
[0.755s] running install
[0.755s] running install_lib
[0.755s] creating /home/acroci/repos/ros2_ws_pixi/install/my_package/lib/python3.11/site-packages/my_package
[0.756s] copying /home/acroci/repos/ros2_ws_pixi/build/my_package/build/lib/my_package/__init__.py -> /home/acroci/repos/ros2_ws_pixi/install/my_package/lib/python3.11/site-packages/my_package
[0.756s] copying /home/acroci/repos/ros2_ws_pixi/build/my_package/build/lib/my_package/my_node.py -> /home/acroci/repos/ros2_ws_pixi/install/my_package/lib/python3.11/site-packages/my_package
[0.756s] byte-compiling /home/acroci/repos/ros2_ws_pixi/install/my_package/lib/python3.11/site-packages/my_package/__init__.py to __init__.cpython-311.pyc
[0.756s] byte-compiling /home/acroci/repos/ros2_ws_pixi/install/my_package/lib/python3.11/site-packages/my_package/my_node.py to my_node.cpython-311.pyc
[0.757s] running install_data
[0.757s] creating /home/acroci/repos/ros2_ws_pixi/install/my_package/share/ament_index
[0.757s] creating /home/acroci/repos/ros2_ws_pixi/install/my_package/share/ament_index/resource_index
[0.757s] creating /home/acroci/repos/ros2_ws_pixi/install/my_package/share/ament_index/resource_index/packages
[0.757s] copying resource/my_package -> /home/acroci/repos/ros2_ws_pixi/install/my_package/share/ament_index/resource_index/packages
[0.757s] copying package.xml -> /home/acroci/repos/ros2_ws_pixi/install/my_package/share/my_package
[0.757s] running install_egg_info
[0.759s] Copying ../../build/my_package/my_package.egg-info to /home/acroci/repos/ros2_ws_pixi/install/my_package/lib/python3.11/site-packages/my_package-0.0.0-py3.11.egg-info
[0.759s] running install_scripts
[0.773s] Installing my_node script to /home/acroci/repos/ros2_ws_pixi/install/my_package/lib/my_package
[0.774s] writing list of installed files to '/home/acroci/repos/ros2_ws_pixi/build/my_package/install.log'
[0.792s] Invoked command in '/home/acroci/repos/ros2_ws_pixi/src/my_package' returned '0': DEBUGINFOD_URLS=https://debuginfod.ubuntu.com PIXI_PROMPT=(ros2_ws_pixi) PYTHONPATH=/home/acroci/repos/ros2_ws_pixi/build/my_package/prefix_override:/home/acroci/repos/ros2_ws_pixi/.pixi/envs/default/lib/python3.11/site-packages/colcon_core/task/python/colcon_distutils_commands:/home/acroci/repos/ros2_ws_pixi/install/my_package/lib/python3.11/site-packages:${PYTHONPATH} /home/acroci/repos/ros2_ws_pixi/.pixi/envs/default/bin/python3.11 -W ignore:setup.py install is deprecated setup.py egg_info --egg-base ../../build/my_package build --build-base /home/acroci/repos/ros2_ws_pixi/build/my_package/build install --record /home/acroci/repos/ros2_ws_pixi/build/my_package/install.log --single-version-externally-managed install_data
